2024-11-21 10:51:38,752 - INFO - Iniciando la ejecución de dinamic.py
2024-11-21 10:51:38,753 - INFO - Módulos utilizados en dinamic.py:
2024-11-21 11:56:21,483 - INFO - Iniciando la ejecución de dinamic.py
2024-11-21 11:56:21,484 - INFO - Módulos utilizados en dinamic.py:
2024-11-21 11:56:21,484 - INFO - Módulo: __main__
2024-11-21 11:56:21,484 - INFO - Módulo: _abc
2024-11-21 11:56:21,484 - INFO - Módulo: _ast
2024-11-21 11:56:21,484 - INFO - Módulo: _codecs
2024-11-21 11:56:21,484 - INFO - Módulo: _collections
2024-11-21 11:56:21,484 - INFO - Módulo: _collections_abc
2024-11-21 11:56:21,484 - INFO - Módulo: _colorize
2024-11-21 11:56:21,485 - INFO - Módulo: _frozen_importlib
2024-11-21 11:56:21,485 - INFO - Módulo: _frozen_importlib_external
2024-11-21 11:56:21,485 - INFO - Módulo: _functools
2024-11-21 11:56:21,485 - INFO - Módulo: _imp
2024-11-21 11:56:21,485 - INFO - Módulo: _io
2024-11-21 11:56:21,485 - INFO - Módulo: _locale
2024-11-21 11:56:21,485 - INFO - Módulo: _opcode
2024-11-21 11:56:21,485 - INFO - Módulo: _opcode_metadata
2024-11-21 11:56:21,485 - INFO - Módulo: _operator
2024-11-21 11:56:21,485 - INFO - Módulo: _signal
2024-11-21 11:56:21,485 - INFO - Módulo: _sre
2024-11-21 11:56:21,485 - INFO - Módulo: _stat
2024-11-21 11:56:21,485 - INFO - Módulo: _string
2024-11-21 11:56:21,485 - INFO - Módulo: _struct
2024-11-21 11:56:21,485 - INFO - Módulo: _thread
2024-11-21 11:56:21,485 - INFO - Módulo: _tokenize
2024-11-21 11:56:21,485 - INFO - Módulo: _warnings
2024-11-21 11:56:21,485 - INFO - Módulo: _weakref
2024-11-21 11:56:21,485 - INFO - Módulo: _weakrefset
2024-11-21 11:56:21,485 - INFO - Módulo: _winapi
2024-11-21 11:56:21,485 - INFO - Módulo: abc
2024-11-21 11:56:21,485 - INFO - Módulo: ast
2024-11-21 11:56:21,485 - INFO - Módulo: atexit
2024-11-21 11:56:21,485 - INFO - Módulo: builtins
2024-11-21 11:56:21,486 - INFO - Módulo: codecs
2024-11-21 11:56:21,486 - INFO - Módulo: collections
2024-11-21 11:56:21,486 - INFO - Módulo: collections.abc
2024-11-21 11:56:21,486 - INFO - Módulo: contextlib
2024-11-21 11:56:21,486 - INFO - Módulo: copyreg
2024-11-21 11:56:21,486 - INFO - Módulo: dis
2024-11-21 11:56:21,486 - INFO - Módulo: encodings
2024-11-21 11:56:21,486 - INFO - Módulo: encodings.aliases
2024-11-21 11:56:21,486 - INFO - Módulo: encodings.cp1252
2024-11-21 11:56:21,486 - INFO - Módulo: encodings.utf_8
2024-11-21 11:56:21,486 - INFO - Módulo: enum
2024-11-21 11:56:21,486 - INFO - Módulo: errno
2024-11-21 11:56:21,486 - INFO - Módulo: functools
2024-11-21 11:56:21,486 - INFO - Módulo: genericpath
2024-11-21 11:56:21,486 - INFO - Módulo: importlib
2024-11-21 11:56:21,486 - INFO - Módulo: importlib._bootstrap
2024-11-21 11:56:21,486 - INFO - Módulo: importlib._bootstrap_external
2024-11-21 11:56:21,486 - INFO - Módulo: importlib.machinery
2024-11-21 11:56:21,486 - INFO - Módulo: inspect
2024-11-21 11:56:21,486 - INFO - Módulo: io
2024-11-21 11:56:21,486 - INFO - Módulo: itertools
2024-11-21 11:56:21,486 - INFO - Módulo: keyword
2024-11-21 11:56:21,486 - INFO - Módulo: linecache
2024-11-21 11:56:21,486 - INFO - Módulo: locale
2024-11-21 11:56:21,486 - INFO - Módulo: logging
2024-11-21 11:56:21,487 - INFO - Módulo: marshal
2024-11-21 11:56:21,487 - INFO - Módulo: msvcrt
2024-11-21 11:56:21,487 - INFO - Módulo: nt
2024-11-21 11:56:21,487 - INFO - Módulo: ntpath
2024-11-21 11:56:21,487 - INFO - Módulo: opcode
2024-11-21 11:56:21,487 - INFO - Módulo: operator
2024-11-21 11:56:21,487 - INFO - Módulo: os
2024-11-21 11:56:21,487 - INFO - Módulo: os.path
2024-11-21 11:56:21,487 - INFO - Módulo: pyimod01_archive
2024-11-21 11:56:21,487 - INFO - Módulo: pyimod02_importers
2024-11-21 11:56:21,487 - INFO - Módulo: pyimod03_ctypes
2024-11-21 11:56:21,487 - INFO - Módulo: pyimod04_pywin32
2024-11-21 11:56:21,487 - INFO - Módulo: re
2024-11-21 11:56:21,487 - INFO - Módulo: re._casefix
2024-11-21 11:56:21,487 - INFO - Módulo: re._compiler
2024-11-21 11:56:21,487 - INFO - Módulo: re._constants
2024-11-21 11:56:21,487 - INFO - Módulo: re._parser
2024-11-21 11:56:21,487 - INFO - Módulo: reprlib
2024-11-21 11:56:21,488 - INFO - Módulo: signal
2024-11-21 11:56:21,488 - INFO - Módulo: stat
2024-11-21 11:56:21,488 - INFO - Módulo: string
2024-11-21 11:56:21,488 - INFO - Módulo: struct
2024-11-21 11:56:21,488 - INFO - Módulo: subprocess
2024-11-21 11:56:21,488 - INFO - Módulo: sys
2024-11-21 11:56:21,488 - INFO - Módulo: textwrap
2024-11-21 11:56:21,488 - INFO - Módulo: threading
2024-11-21 11:56:21,488 - INFO - Módulo: time
2024-11-21 11:56:21,488 - INFO - Módulo: token
2024-11-21 11:56:21,488 - INFO - Módulo: tokenize
2024-11-21 11:56:21,488 - INFO - Módulo: traceback
2024-11-21 11:56:21,488 - INFO - Módulo: types
2024-11-21 11:56:21,488 - INFO - Módulo: warnings
2024-11-21 11:56:21,488 - INFO - Módulo: weakref
2024-11-21 11:56:21,488 - INFO - Módulo: winreg
2024-11-21 11:56:21,488 - INFO - Módulo: zipimport
2024-11-21 11:56:21,488 - INFO - Módulo: zlib
